#
# There is insufficient memory for the Java Runtime Environment to continue.
# Native memory allocation (malloc) failed to allocate 55696 bytes for Chunk::new
# Possible reasons:
#   The system is out of physical RAM or swap space
#   The process is running with CompressedOops enabled, and the Java Heap may be blocking the growth of the native heap
# Possible solutions:
#   Reduce memory load on the system
#   Increase physical memory or swap space
#   Check if swap backing store is full
#   Decrease Java heap size (-Xmx/-Xms)
#   Decrease number of Java threads
#   Decrease Java thread stack sizes (-Xss)
#   Set larger code cache with -XX:ReservedCodeCacheSize=
#   JVM is running with Unscaled Compressed Oops mode in which the Java heap is
#     placed in the first 4GB address space. The Java Heap base address is the
#     maximum limit for the native heap growth. Please use -XX:HeapBaseMinAddress
#     to set the Java Heap base and to place the Java Heap above 4GB virtual address.
# This output file may be truncated or incomplete.
#
#  Out of Memory Error (allocation.cpp:389), pid=24308, tid=0x0000000000009910
#
# JRE version: Java(TM) SE Runtime Environment (8.0_261-b12) (build 1.8.0_261-b12)
# Java VM: Java HotSpot(TM) 64-Bit Server VM (25.261-b12 mixed mode windows-amd64 compressed oops)
# Failed to write core dump. Minidumps are not enabled by default on client versions of Windows
#

---------------  T H R E A D  ---------------

Current thread (0x00000118515ec800):  JavaThread "C2 CompilerThread2" daemon [_thread_in_native, id=39184, stack(0x0000000bf5300000,0x0000000bf5400000)]

Stack: [0x0000000bf5300000,0x0000000bf5400000]
Native frames: (J=compiled Java code, j=interpreted, Vv=VM code, C=native code)
V  [jvm.dll+0x33e5f9]


Current CompileTask:
C2:  10956 3926       4       com.sun.javafx.sg.prism.NGGroup::computeRenderRoot (396 bytes)


---------------  P R O C E S S  ---------------

Java Threads: ( => current thread )
  0x0000011852073800 JavaThread "Prism Font Disposer" daemon [_thread_blocked, id=22492, stack(0x0000000bf5f00000,0x0000000bf6000000)]
  0x0000011851f32000 JavaThread "Thread-3" daemon [_thread_in_native, id=61948, stack(0x0000000bf5d00000,0x0000000bf5e00000)]
  0x0000011851f24800 JavaThread "JavaFX-Launcher" [_thread_blocked, id=44660, stack(0x0000000bf5e00000,0x0000000bf5f00000)]
  0x0000011851ccd800 JavaThread "JavaFX Application Thread" [_thread_blocked, id=20152, stack(0x0000000bf5900000,0x0000000bf5a00000)]
  0x0000011851ccb000 JavaThread "Thread-1" daemon [_thread_blocked, id=37500, stack(0x0000000bf5800000,0x0000000bf5900000)]
  0x0000011851935000 JavaThread "QuantumRenderer-0" daemon [_thread_in_native, id=3608, stack(0x0000000bf5700000,0x0000000bf5800000)]
  0x00000118515f3800 JavaThread "Service Thread" daemon [_thread_blocked, id=34960, stack(0x0000000bf5500000,0x0000000bf5600000)]
  0x00000118515ee800 JavaThread "C1 CompilerThread3" daemon [_thread_blocked, id=66048, stack(0x0000000bf5400000,0x0000000bf5500000)]
=>0x00000118515ec800 JavaThread "C2 CompilerThread2" daemon [_thread_in_native, id=39184, stack(0x0000000bf5300000,0x0000000bf5400000)]
  0x0000011851590000 JavaThread "C2 CompilerThread1" daemon [_thread_blocked, id=26704, stack(0x0000000bf5200000,0x0000000bf5300000)]
  0x000001185158c800 JavaThread "C2 CompilerThread0" daemon [_thread_blocked, id=10668, stack(0x0000000bf5100000,0x0000000bf5200000)]
  0x000001185158b000 JavaThread "Monitor Ctrl-Break" daemon [_thread_in_native, id=54692, stack(0x0000000bf5000000,0x0000000bf5100000)]
  0x000001184f769800 JavaThread "Attach Listener" daemon [_thread_blocked, id=30472, stack(0x0000000bf4f00000,0x0000000bf5000000)]
  0x000001184f768000 JavaThread "Signal Dispatcher" daemon [_thread_blocked, id=9968, stack(0x0000000bf4e00000,0x0000000bf4f00000)]
  0x000001184f74a000 JavaThread "Finalizer" daemon [_thread_blocked, id=58832, stack(0x0000000bf4d00000,0x0000000bf4e00000)]
  0x000001184f742800 JavaThread "Reference Handler" daemon [_thread_blocked, id=63744, stack(0x0000000bf4c00000,0x0000000bf4d00000)]
  0x00000118395b9800 JavaThread "main" [_thread_blocked, id=18588, stack(0x0000000bf4200000,0x0000000bf4300000)]

Other Threads:
  0x000001184f6fd000 VMThread [stack: 0x0000000bf4b00000,0x0000000bf4c00000] [id=60032]
  0x000001185164e800 WatcherThread [stack: 0x0000000bf5600000,0x0000000bf5700000] [id=13692]

VM state:not at safepoint (normal execution)

VM Mutex/Monitor currently owned by a thread: None

heap address: 0x0000000082600000, size: 2010 MB, Compressed Oops mode: 32-bit
Narrow klass base: 0x0000000000000000, Narrow klass shift: 3
Compressed class space size: 1073741824 Address: 0x0000000100000000

Heap:
 PSYoungGen      total 37888K, used 17096K [0x00000000d6200000, 0x00000000dac00000, 0x0000000100000000)
  eden space 32768K, 52% used [0x00000000d6200000,0x00000000d72b2100,0x00000000d8200000)
  from space 5120K, 0% used [0x00000000d8200000,0x00000000d8200000,0x00000000d8700000)
  to   space 5120K, 0% used [0x00000000da700000,0x00000000da700000,0x00000000dac00000)
 ParOldGen       total 71168K, used 12086K [0x0000000082600000, 0x0000000086b80000, 0x00000000d6200000)
  object space 71168K, 16% used [0x0000000082600000,0x00000000831cd950,0x0000000086b80000)
 Metaspace       used 21440K, capacity 22554K, committed 22784K, reserved 1069056K
  class space    used 3010K, capacity 3242K, committed 3328K, reserved 1048576K

Card table byte_map: [0x000001184a380000,0x000001184a770000] byte_map_base: 0x0000011849f6d000

Marking Bits: (ParMarkBitMap*) 0x0000000055054fb0
 Begin Bits: [0x000001184aa10000, 0x000001184c978000)
 End Bits:   [0x000001184c978000, 0x000001184e8e0000)

Polling page: 0x0000011839740000

CodeCache: size=245760Kb used=12405Kb max_used=12416Kb free=233354Kb
 bounds [0x000001183afc0000, 0x000001183bbf0000, 0x0000011849fc0000]
 total_blobs=4627 nmethods=3932 adapters=605
 compilation: enabled

Compilation events (10 events):
Event: 10.924 Thread 0x00000118515ee800 3929       3       javafx.scene.effect.DropShadow::getInput (22 bytes)
Event: 10.924 Thread 0x00000118515ee800 nmethod 3929 0x000001183bbdf690 code [0x000001183bbdf800, 0x000001183bbdfb70]
Event: 10.924 Thread 0x00000118515ee800 3930       3       javafx.scene.effect.DropShadow::getClampedWidth (13 bytes)
Event: 10.925 Thread 0x00000118515ee800 nmethod 3930 0x000001183bbded50 code [0x000001183bbdef00, 0x000001183bbdf4d0]
Event: 10.925 Thread 0x00000118515ee800 3931       3       javafx.scene.effect.DropShadow::getBlurType (24 bytes)
Event: 10.925 Thread 0x00000118515ee800 nmethod 3931 0x000001183bbde790 code [0x000001183bbde900, 0x000001183bbdec70]
Event: 10.925 Thread 0x0000011851590000 3932       4       com.sun.javafx.geom.transform.AffineBase::transform2DBounds (576 bytes)
Event: 10.937 Thread 0x0000011851590000 nmethod 3932 0x000001183bbe61d0 code [0x000001183bbe6380, 0x000001183bbe6a70]
Event: 10.940 Thread 0x000001185158c800 3933       4       com.sun.prism.d3d.D3DShader::enable (52 bytes)
Event: 10.942 Thread 0x000001185158c800 nmethod 3933 0x000001183bbe3150 code [0x000001183bbe32a0, 0x000001183bbe3388]

GC Heap History (8 events):
Event: 2.310 GC heap before
{Heap before GC invocations=1 (full 0):
 PSYoungGen      total 37888K, used 32768K [0x00000000d6200000, 0x00000000d8c00000, 0x0000000100000000)
  eden space 32768K, 100% used [0x00000000d6200000,0x00000000d8200000,0x00000000d8200000)
  from space 5120K, 0% used [0x00000000d8700000,0x00000000d8700000,0x00000000d8c00000)
  to   space 5120K, 0% used [0x00000000d8200000,0x00000000d8200000,0x00000000d8700000)
 ParOldGen       total 86016K, used 0K [0x0000000082600000, 0x0000000087a00000, 0x00000000d6200000)
  object space 86016K, 0% used [0x0000000082600000,0x0000000082600000,0x0000000087a00000)
 Metaspace       used 13104K, capacity 13550K, committed 13696K, reserved 1060864K
  class space    used 1686K, capacity 1824K, committed 1920K, reserved 1048576K
Event: 2.318 GC heap after
Heap after GC invocations=1 (full 0):
 PSYoungGen      total 37888K, used 4527K [0x00000000d6200000, 0x00000000d8c00000, 0x0000000100000000)
  eden space 32768K, 0% used [0x00000000d6200000,0x00000000d6200000,0x00000000d8200000)
  from space 5120K, 88% used [0x00000000d8200000,0x00000000d866bf70,0x00000000d8700000)
  to   space 5120K, 0% used [0x00000000d8700000,0x00000000d8700000,0x00000000d8c00000)
 ParOldGen       total 86016K, used 80K [0x0000000082600000, 0x0000000087a00000, 0x00000000d6200000)
  object space 86016K, 0% used [0x0000000082600000,0x0000000082614010,0x0000000087a00000)
 Metaspace       used 13104K, capacity 13550K, committed 13696K, reserved 1060864K
  class space    used 1686K, capacity 1824K, committed 1920K, reserved 1048576K
}
Event: 3.972 GC heap before
{Heap before GC invocations=2 (full 0):
 PSYoungGen      total 37888K, used 37295K [0x00000000d6200000, 0x00000000d8c00000, 0x0000000100000000)
  eden space 32768K, 100% used [0x00000000d6200000,0x00000000d8200000,0x00000000d8200000)
  from space 5120K, 88% used [0x00000000d8200000,0x00000000d866bf70,0x00000000d8700000)
  to   space 5120K, 0% used [0x00000000d8700000,0x00000000d8700000,0x00000000d8c00000)
 ParOldGen       total 86016K, used 80K [0x0000000082600000, 0x0000000087a00000, 0x00000000d6200000)
  object space 86016K, 0% used [0x0000000082600000,0x0000000082614010,0x0000000087a00000)
 Metaspace       used 19299K, capacity 20438K, committed 20480K, reserved 1067008K
  class space    used 2823K, capacity 3054K, committed 3072K, reserved 1048576K
Event: 3.984 GC heap after
Heap after GC invocations=2 (full 0):
 PSYoungGen      total 37888K, used 5088K [0x00000000d6200000, 0x00000000d8c00000, 0x0000000100000000)
  eden space 32768K, 0% used [0x00000000d6200000,0x00000000d6200000,0x00000000d8200000)
  from space 5120K, 99% used [0x00000000d8700000,0x00000000d8bf8050,0x00000000d8c00000)
  to   space 5120K, 0% used [0x00000000d8200000,0x00000000d8200000,0x00000000d8700000)
 ParOldGen       total 86016K, used 5328K [0x0000000082600000, 0x0000000087a00000, 0x00000000d6200000)
  object space 86016K, 6% used [0x0000000082600000,0x0000000082b34398,0x0000000087a00000)
 Metaspace       used 19299K, capacity 20438K, committed 20480K, reserved 1067008K
  class space    used 2823K, capacity 3054K, committed 3072K, reserved 1048576K
}
Event: 4.312 GC heap before
{Heap before GC invocations=3 (full 0):
 PSYoungGen      total 37888K, used 12705K [0x00000000d6200000, 0x00000000d8c00000, 0x0000000100000000)
  eden space 32768K, 23% used [0x00000000d6200000,0x00000000d6970408,0x00000000d8200000)
  from space 5120K, 99% used [0x00000000d8700000,0x00000000d8bf8050,0x00000000d8c00000)
  to   space 5120K, 0% used [0x00000000d8200000,0x00000000d8200000,0x00000000d8700000)
 ParOldGen       total 86016K, used 5328K [0x0000000082600000, 0x0000000087a00000, 0x00000000d6200000)
  object space 86016K, 6% used [0x0000000082600000,0x0000000082b34398,0x0000000087a00000)
 Metaspace       used 20131K, capacity 21244K, committed 21296K, reserved 1067008K
  class space    used 2916K, capacity 3153K, committed 3200K, reserved 1048576K
Event: 4.327 GC heap after
Heap after GC invocations=3 (full 0):
 PSYoungGen      total 37888K, used 5104K [0x00000000d6200000, 0x00000000dac00000, 0x0000000100000000)
  eden space 32768K, 0% used [0x00000000d6200000,0x00000000d6200000,0x00000000d8200000)
  from space 5120K, 99% used [0x00000000d8200000,0x00000000d86fc040,0x00000000d8700000)
  to   space 5120K, 0% used [0x00000000da700000,0x00000000da700000,0x00000000dac00000)
 ParOldGen       total 86016K, used 7489K [0x0000000082600000, 0x0000000087a00000, 0x00000000d6200000)
  object space 86016K, 8% used [0x0000000082600000,0x0000000082d50720,0x0000000087a00000)
 Metaspace       used 20131K, capacity 21244K, committed 21296K, reserved 1067008K
  class space    used 2916K, capacity 3153K, committed 3200K, reserved 1048576K
}
Event: 4.327 GC heap before
{Heap before GC invocations=4 (full 1):
 PSYoungGen      total 37888K, used 5104K [0x00000000d6200000, 0x00000000dac00000, 0x0000000100000000)
  eden space 32768K, 0% used [0x00000000d6200000,0x00000000d6200000,0x00000000d8200000)
  from space 5120K, 99% used [0x00000000d8200000,0x00000000d86fc040,0x00000000d8700000)
  to   space 5120K, 0% used [0x00000000da700000,0x00000000da700000,0x00000000dac00000)
 ParOldGen       total 86016K, used 7489K [0x0000000082600000, 0x0000000087a00000, 0x00000000d6200000)
  object space 86016K, 8% used [0x0000000082600000,0x0000000082d50720,0x0000000087a00000)
 Metaspace       used 20131K, capacity 21244K, committed 21296K, reserved 1067008K
  class space    used 2916K, capacity 3153K, committed 3200K, reserved 1048576K
Event: 4.448 GC heap after
Heap after GC invocations=4 (full 1):
 PSYoungGen      total 37888K, used 0K [0x00000000d6200000, 0x00000000dac00000, 0x0000000100000000)
  eden space 32768K, 0% used [0x00000000d6200000,0x00000000d6200000,0x00000000d8200000)
  from space 5120K, 0% used [0x00000000d8200000,0x00000000d8200000,0x00000000d8700000)
  to   space 5120K, 0% used [0x00000000da700000,0x00000000da700000,0x00000000dac00000)
 ParOldGen       total 71168K, used 12086K [0x0000000082600000, 0x0000000086b80000, 0x00000000d6200000)
  object space 71168K, 16% used [0x0000000082600000,0x00000000831cd950,0x0000000086b80000)
 Metaspace       used 20131K, capacity 21244K, committed 21296K, reserved 1067008K
  class space    used 2916K, capacity 3153K, committed 3200K, reserved 1048576K
}

Deoptimization events (10 events):
Event: 7.883 Thread 0x0000011851ccd800 Uncommon trap: reason=bimorphic action=maybe_recompile pc=0x000001183b75313c method=javafx.scene.Node.impl_geomChanged()V @ 33
Event: 7.883 Thread 0x0000011851ccd800 Uncommon trap: reason=bimorphic action=maybe_recompile pc=0x000001183b75313c method=javafx.scene.Node.impl_geomChanged()V @ 33
Event: 7.887 Thread 0x0000011851ccd800 Uncommon trap: reason=unstable_if action=reinterpret pc=0x000001183b84d6f0 method=javafx.scene.Node.updateLocalToParentTransform()V @ 125
Event: 8.717 Thread 0x0000011851935000 Uncommon trap: reason=class_check action=maybe_recompile pc=0x000001183ba73a7c method=com.sun.javafx.font.CompositeStrike.getStrikeSlot(I)Lcom/sun/javafx/font/FontStrike; @ 16
Event: 10.450 Thread 0x0000011851935000 Uncommon trap: reason=unstable_if action=reinterpret pc=0x000001183bb5268c method=java.lang.Math.round(F)I @ 36
Event: 10.450 Thread 0x0000011851935000 Uncommon trap: reason=unstable_if action=reinterpret pc=0x000001183b98fdc4 method=java.lang.Math.round(F)I @ 36
Event: 10.798 Thread 0x0000011851935000 Uncommon trap: reason=unstable_if action=reinterpret pc=0x000001183b7ac3c4 method=com.sun.javafx.geom.RectBounds.isEmpty()Z @ 21
Event: 10.799 Thread 0x0000011851935000 Uncommon trap: reason=unstable_if action=reinterpret pc=0x000001183ba3c520 method=com.sun.prism.impl.BaseGraphics.validateTransformAndPaint()V @ 20
Event: 10.800 Thread 0x0000011851935000 Uncommon trap: reason=unstable_if action=reinterpret pc=0x000001183bb736c4 method=com.sun.javafx.geom.transform.AffineBase.calculateType()I @ 468
Event: 10.822 Thread 0x0000011851935000 Uncommon trap: reason=unstable_if action=reinterpret pc=0x000001183baef728 method=com.sun.prism.impl.BaseContext.flushMask()V @ 4

Classes redefined (0 events):
No events

Internal exceptions (10 events):
Event: 2.034 Thread 0x0000011851ccd800 Exception <a 'java/lang/ArrayIndexOutOfBoundsException'> (0x00000000d7d3f890) thrown at [C:\jenkins\workspace\8-2-build-windows-amd64-cygwin\jdk8u261\295\hotspot\src\share\vm\runtime\sharedRuntime.cpp, line 605]
Event: 2.332 Thread 0x0000011851ccd800 Exception <a 'java/io/FileNotFoundException'> (0x00000000d6233898) thrown at [C:\jenkins\workspace\8-2-build-windows-amd64-cygwin\jdk8u261\295\hotspot\src\share\vm\prims\jni.cpp, line 710]
Event: 2.488 Thread 0x0000011851ccd800 Exception <a 'java/io/FileNotFoundException'> (0x00000000d651b5a0) thrown at [C:\jenkins\workspace\8-2-build-windows-amd64-cygwin\jdk8u261\295\hotspot\src\share\vm\prims\jni.cpp, line 710]
Event: 2.489 Thread 0x0000011851ccd800 Exception <a 'java/io/FileNotFoundException'> (0x00000000d651c6f8) thrown at [C:\jenkins\workspace\8-2-build-windows-amd64-cygwin\jdk8u261\295\hotspot\src\share\vm\prims\jni.cpp, line 710]
Event: 2.631 Thread 0x0000011851ccd800 Exception <a 'java/lang/ArrayIndexOutOfBoundsException'> (0x00000000d683c440) thrown at [C:\jenkins\workspace\8-2-build-windows-amd64-cygwin\jdk8u261\295\hotspot\src\share\vm\runtime\sharedRuntime.cpp, line 605]
Event: 2.631 Thread 0x0000011851ccd800 Exception <a 'java/lang/ArrayIndexOutOfBoundsException'> (0x00000000d683d440) thrown at [C:\jenkins\workspace\8-2-build-windows-amd64-cygwin\jdk8u261\295\hotspot\src\share\vm\runtime\sharedRuntime.cpp, line 605]
Event: 2.632 Thread 0x0000011851ccd800 Exception <a 'java/lang/ArrayIndexOutOfBoundsException'> (0x00000000d683fba8) thrown at [C:\jenkins\workspace\8-2-build-windows-amd64-cygwin\jdk8u261\295\hotspot\src\share\vm\runtime\sharedRuntime.cpp, line 605]
Event: 2.878 Thread 0x0000011851ccd800 Implicit null exception at 0x000001183b340ab5 to 0x000001183b340cc5
Event: 2.878 Thread 0x0000011851ccd800 Implicit null exception at 0x000001183b3054fb to 0x000001183b305b21
Event: 2.962 Thread 0x0000011851ccd800 Exception <a 'java/io/FileNotFoundException'> (0x00000000d6e54878) thrown at [C:\jenkins\workspace\8-2-build-windows-amd64-cygwin\jdk8u261\295\hotspot\src\share\vm\prims\jni.cpp, line 710]

Events (10 events):
Event: 10.798 Thread 0x0000011851935000 DEOPT UNPACKING pc=0x000001183b005843 sp=0x0000000bf57fc620 mode 2
Event: 10.799 Thread 0x0000011851935000 Uncommon trap: trap_request=0xffffff65 fr.pc=0x000001183ba3c520
Event: 10.799 Thread 0x0000011851935000 DEOPT PACKING pc=0x000001183ba3c520 sp=0x0000000bf57fd1c0
Event: 10.799 Thread 0x0000011851935000 DEOPT UNPACKING pc=0x000001183b005843 sp=0x0000000bf57fd168 mode 2
Event: 10.800 Thread 0x0000011851935000 Uncommon trap: trap_request=0xffffff65 fr.pc=0x000001183bb736c4
Event: 10.800 Thread 0x0000011851935000 DEOPT PACKING pc=0x000001183bb736c4 sp=0x0000000bf57fc820
Event: 10.800 Thread 0x0000011851935000 DEOPT UNPACKING pc=0x000001183b005843 sp=0x0000000bf57fc7a8 mode 2
Event: 10.822 Thread 0x0000011851935000 Uncommon trap: trap_request=0xffffff65 fr.pc=0x000001183baef728
Event: 10.822 Thread 0x0000011851935000 DEOPT PACKING pc=0x000001183baef728 sp=0x0000000bf57fd430
Event: 10.822 Thread 0x0000011851935000 DEOPT UNPACKING pc=0x000001183b005843 sp=0x0000000bf57fd2c0 mode 2


Dynamic libraries:
0x00007ff78ca20000 - 0x00007ff78ca67000 	C:\Program Files\Java\jdk1.8.0_261\bin\java.exe
0x00007ffcacbd0000 - 0x00007ffcacdc5000 	C:\Windows\SYSTEM32\ntdll.dll
0x00007ffcac380000 - 0x00007ffcac43d000 	C:\Windows\System32\KERNEL32.DLL
0x00007ffcaa650000 - 0x00007ffcaa919000 	C:\Windows\System32\KERNELBASE.dll
0x00007ffcabb80000 - 0x00007ffcabc2c000 	C:\Windows\System32\ADVAPI32.dll
0x00007ffcaae40000 - 0x00007ffcaaede000 	C:\Windows\System32\msvcrt.dll
0x00007ffcabff0000 - 0x00007ffcac08c000 	C:\Windows\System32\sechost.dll
0x00007ffcac250000 - 0x00007ffcac37b000 	C:\Windows\System32\RPCRT4.dll
0x00007ffcaaca0000 - 0x00007ffcaae40000 	C:\Windows\System32\USER32.dll
0x00007ffcaa310000 - 0x00007ffcaa332000 	C:\Windows\System32\win32u.dll
0x00007ffcab250000 - 0x00007ffcab27a000 	C:\Windows\System32\GDI32.dll
0x00007ffcaa540000 - 0x00007ffcaa64b000 	C:\Windows\System32\gdi32full.dll
0x00007ffcaa4a0000 - 0x00007ffcaa53d000 	C:\Windows\System32\msvcp_win.dll
0x00007ffcaaab0000 - 0x00007ffcaabb0000 	C:\Windows\System32\ucrtbase.dll
0x00007ffc90060000 - 0x00007ffc902fa000 	C:\Windows\WinSxS\amd64_microsoft.windows.common-controls_6595b64144ccf1df_6.0.19041.844_none_ca00b6081b84eb1d\COMCTL32.dll
0x00007ffcac220000 - 0x00007ffcac250000 	C:\Windows\System32\IMM32.DLL
0x00007ffc800a0000 - 0x00007ffc800b5000 	C:\Program Files\Java\jdk1.8.0_261\jre\bin\vcruntime140.dll
0x00007ffc6da50000 - 0x00007ffc6daeb000 	C:\Program Files\Java\jdk1.8.0_261\jre\bin\msvcp140.dll
0x0000000054860000 - 0x00000000550cc000 	C:\Program Files\Java\jdk1.8.0_261\jre\bin\server\jvm.dll
0x00007ffcaaee0000 - 0x00007ffcaaee8000 	C:\Windows\System32\PSAPI.DLL
0x00007ffca58a0000 - 0x00007ffca58a9000 	C:\Windows\SYSTEM32\WSOCK32.dll
0x00007ffc94c20000 - 0x00007ffc94c47000 	C:\Windows\SYSTEM32\WINMM.dll
0x00007ffcac9e0000 - 0x00007ffcaca4b000 	C:\Windows\System32\WS2_32.dll
0x00007ffc9ed40000 - 0x00007ffc9ed4a000 	C:\Windows\SYSTEM32\VERSION.dll
0x00007ffca8c20000 - 0x00007ffca8c32000 	C:\Windows\SYSTEM32\kernel.appcore.dll
0x00007ffc94a60000 - 0x00007ffc94a70000 	C:\Program Files\Java\jdk1.8.0_261\jre\bin\verify.dll
0x00007ffc7ef70000 - 0x00007ffc7ef9b000 	C:\Program Files\Java\jdk1.8.0_261\jre\bin\java.dll
0x00007ffc76610000 - 0x00007ffc76642000 	C:\Program Files\Java\jdk1.8.0_261\jre\bin\instrument.dll
0x00007ffc80080000 - 0x00007ffc80098000 	C:\Program Files\Java\jdk1.8.0_261\jre\bin\zip.dll
0x00007ffcab280000 - 0x00007ffcab9c2000 	C:\Windows\System32\SHELL32.dll
0x00007ffca8230000 - 0x00007ffca89c0000 	C:\Windows\SYSTEM32\windows.storage.dll
0x00007ffcabc90000 - 0x00007ffcabfe5000 	C:\Windows\System32\combase.dll
0x00007ffca9cb0000 - 0x00007ffca9cdc000 	C:\Windows\SYSTEM32\Wldp.dll
0x00007ffcaca50000 - 0x00007ffcacafe000 	C:\Windows\System32\SHCORE.dll
0x00007ffcabc30000 - 0x00007ffcabc85000 	C:\Windows\System32\shlwapi.dll
0x00007ffcaa250000 - 0x00007ffcaa26f000 	C:\Windows\SYSTEM32\profapi.dll
0x00007ffc7aa00000 - 0x00007ffc7aa1a000 	C:\Program Files\JetBrains\IntelliJ IDEA Community Edition 2020.3.2\bin\breakgen64.dll
0x00007ffc7a530000 - 0x00007ffc7a54c000 	C:\Program Files\Java\jdk1.8.0_261\jre\bin\net.dll
0x00007ffca9a30000 - 0x00007ffca9a9a000 	C:\Windows\system32\mswsock.dll
0x00000118397c0000 - 0x00000118397c3000 	C:\Program Files\Java\jdk1.8.0_261\jre\bin\api-ms-win-core-console-l1-1-0.dll
0x00000118397d0000 - 0x00000118397d3000 	C:\Program Files\Java\jdk1.8.0_261\jre\bin\api-ms-win-core-datetime-l1-1-0.dll
0x00000118397e0000 - 0x00000118397e3000 	C:\Program Files\Java\jdk1.8.0_261\jre\bin\api-ms-win-core-debug-l1-1-0.dll
0x00000118397f0000 - 0x00000118397f3000 	C:\Program Files\Java\jdk1.8.0_261\jre\bin\api-ms-win-core-errorhandling-l1-1-0.dll
0x0000011839800000 - 0x0000011839804000 	C:\Program Files\Java\jdk1.8.0_261\jre\bin\api-ms-win-core-file-l1-1-0.dll
0x0000011851980000 - 0x0000011851983000 	C:\Program Files\Java\jdk1.8.0_261\jre\bin\api-ms-win-core-file-l1-2-0.dll
0x0000011851990000 - 0x0000011851993000 	C:\Program Files\Java\jdk1.8.0_261\jre\bin\api-ms-win-core-file-l2-1-0.dll
0x00000118519a0000 - 0x00000118519a3000 	C:\Program Files\Java\jdk1.8.0_261\jre\bin\api-ms-win-core-handle-l1-1-0.dll
0x00000118519b0000 - 0x00000118519b3000 	C:\Program Files\Java\jdk1.8.0_261\jre\bin\api-ms-win-core-heap-l1-1-0.dll
0x00000118519c0000 - 0x00000118519c3000 	C:\Program Files\Java\jdk1.8.0_261\jre\bin\api-ms-win-core-interlocked-l1-1-0.dll
0x00000118519d0000 - 0x00000118519d3000 	C:\Program Files\Java\jdk1.8.0_261\jre\bin\api-ms-win-core-libraryloader-l1-1-0.dll
0x00000118519e0000 - 0x00000118519e3000 	C:\Program Files\Java\jdk1.8.0_261\jre\bin\api-ms-win-core-localization-l1-2-0.dll
0x00000118519f0000 - 0x00000118519f3000 	C:\Program Files\Java\jdk1.8.0_261\jre\bin\api-ms-win-core-memory-l1-1-0.dll
0x0000011851a00000 - 0x0000011851a03000 	C:\Program Files\Java\jdk1.8.0_261\jre\bin\api-ms-win-core-namedpipe-l1-1-0.dll
0x0000011851a10000 - 0x0000011851a13000 	C:\Program Files\Java\jdk1.8.0_261\jre\bin\api-ms-win-core-processenvironment-l1-1-0.dll
0x0000011851a20000 - 0x0000011851a23000 	C:\Program Files\Java\jdk1.8.0_261\jre\bin\api-ms-win-core-processthreads-l1-1-0.dll
0x0000011851a30000 - 0x0000011851a33000 	C:\Program Files\Java\jdk1.8.0_261\jre\bin\api-ms-win-core-processthreads-l1-1-1.dll
0x0000011851a40000 - 0x0000011851a43000 	C:\Program Files\Java\jdk1.8.0_261\jre\bin\api-ms-win-core-profile-l1-1-0.dll
0x0000011851a50000 - 0x0000011851a53000 	C:\Program Files\Java\jdk1.8.0_261\jre\bin\api-ms-win-core-rtlsupport-l1-1-0.dll
0x0000011851a60000 - 0x0000011851a63000 	C:\Program Files\Java\jdk1.8.0_261\jre\bin\api-ms-win-core-string-l1-1-0.dll
0x0000011851a70000 - 0x0000011851a73000 	C:\Program Files\Java\jdk1.8.0_261\jre\bin\api-ms-win-core-synch-l1-1-0.dll
0x0000011851a80000 - 0x0000011851a83000 	C:\Program Files\Java\jdk1.8.0_261\jre\bin\api-ms-win-core-synch-l1-2-0.dll
0x0000011851a90000 - 0x0000011851a93000 	C:\Program Files\Java\jdk1.8.0_261\jre\bin\api-ms-win-core-sysinfo-l1-1-0.dll
0x0000011851aa0000 - 0x0000011851aa3000 	C:\Program Files\Java\jdk1.8.0_261\jre\bin\api-ms-win-core-timezone-l1-1-0.dll
0x0000011851ab0000 - 0x0000011851ab3000 	C:\Program Files\Java\jdk1.8.0_261\jre\bin\api-ms-win-core-util-l1-1-0.dll
0x0000011851ac0000 - 0x0000011851ac3000 	C:\Program Files\Java\jdk1.8.0_261\jre\bin\api-ms-win-crt-conio-l1-1-0.dll
0x0000011851ad0000 - 0x0000011851ad4000 	C:\Program Files\Java\jdk1.8.0_261\jre\bin\api-ms-win-crt-convert-l1-1-0.dll
0x0000011851ae0000 - 0x0000011851ae3000 	C:\Program Files\Java\jdk1.8.0_261\jre\bin\api-ms-win-crt-environment-l1-1-0.dll
0x0000011851af0000 - 0x0000011851af3000 	C:\Program Files\Java\jdk1.8.0_261\jre\bin\api-ms-win-crt-filesystem-l1-1-0.dll
0x0000011851b00000 - 0x0000011851b03000 	C:\Program Files\Java\jdk1.8.0_261\jre\bin\api-ms-win-crt-heap-l1-1-0.dll
0x0000011851b10000 - 0x0000011851b13000 	C:\Program Files\Java\jdk1.8.0_261\jre\bin\api-ms-win-crt-locale-l1-1-0.dll
0x0000011851b20000 - 0x0000011851b25000 	C:\Program Files\Java\jdk1.8.0_261\jre\bin\api-ms-win-crt-math-l1-1-0.dll
0x0000011851b30000 - 0x0000011851b35000 	C:\Program Files\Java\jdk1.8.0_261\jre\bin\api-ms-win-crt-multibyte-l1-1-0.dll
0x0000011851b40000 - 0x0000011851b50000 	C:\Program Files\Java\jdk1.8.0_261\jre\bin\api-ms-win-crt-private-l1-1-0.dll
0x0000011851b50000 - 0x0000011851b53000 	C:\Program Files\Java\jdk1.8.0_261\jre\bin\api-ms-win-crt-process-l1-1-0.dll
0x0000011851b60000 - 0x0000011851b64000 	C:\Program Files\Java\jdk1.8.0_261\jre\bin\api-ms-win-crt-runtime-l1-1-0.dll
0x0000011851b70000 - 0x0000011851b74000 	C:\Program Files\Java\jdk1.8.0_261\jre\bin\api-ms-win-crt-stdio-l1-1-0.dll
0x0000011851b80000 - 0x0000011851b84000 	C:\Program Files\Java\jdk1.8.0_261\jre\bin\api-ms-win-crt-string-l1-1-0.dll
0x0000011851b90000 - 0x0000011851b93000 	C:\Program Files\Java\jdk1.8.0_261\jre\bin\api-ms-win-crt-time-l1-1-0.dll
0x0000011851ba0000 - 0x0000011851ba3000 	C:\Program Files\Java\jdk1.8.0_261\jre\bin\api-ms-win-crt-utility-l1-1-0.dll
0x00007ffc6d950000 - 0x00007ffc6da4c000 	C:\Program Files\Java\jdk1.8.0_261\jre\bin\ucrtbase.dll
0x00007ffc6d8f0000 - 0x00007ffc6d941000 	C:\Program Files\Java\jdk1.8.0_261\jre\bin\concrt140.dll
0x00007ffc765e0000 - 0x00007ffc76603000 	C:\Program Files\Java\jdk1.8.0_261\jre\bin\prism_d3d.dll
0x00007ffc61e40000 - 0x00007ffc6200f000 	C:\Windows\system32\d3d9.dll
0x00007ffca7ae0000 - 0x00007ffca7b0f000 	C:\Windows\SYSTEM32\dwmapi.dll
0x00007ffca78c0000 - 0x00007ffca795e000 	C:\Windows\system32\uxtheme.dll
0x00007ffc604d0000 - 0x00007ffc60635000 	C:\Windows\System32\DriverStore\FileRepository\iigd_dch.inf_amd64_997a69017605b77c\igdumdim64.dll
0x00007ffcab9d0000 - 0x00007ffcabafa000 	C:\Windows\System32\ole32.dll
0x00007ffc599a0000 - 0x00007ffc5e120000 	C:\Windows\System32\DriverStore\FileRepository\iigd_dch.inf_amd64_997a69017605b77c\igd9dxva64.dll
0x00007ffcac440000 - 0x00007ffcac50d000 	C:\Windows\System32\OLEAUT32.dll
0x00007ffcac570000 - 0x00007ffcac9d9000 	C:\Windows\System32\SETUPAPI.dll
0x00007ffcaa980000 - 0x00007ffcaa9ce000 	C:\Windows\System32\cfgmgr32.dll
0x00007ffcaa9d0000 - 0x00007ffcaa9f7000 	C:\Windows\System32\bcrypt.dll
0x00007ffc9ac50000 - 0x00007ffc9aea8000 	C:\Windows\System32\DriverStore\FileRepository\iigd_dch.inf_amd64_997a69017605b77c\igdgmm64.dll
0x00007ffc6ce90000 - 0x00007ffc6ced5000 	C:\Program Files\Java\jdk1.8.0_261\jre\bin\glass.dll
0x00007ffcaafa0000 - 0x00007ffcab07a000 	C:\Windows\System32\COMDLG32.dll
0x00007ffcac0a0000 - 0x00007ffcac1b5000 	C:\Windows\System32\MSCTF.dll
0x00007ffcaabb0000 - 0x00007ffcaac30000 	C:\Windows\System32\bcryptPrimitives.dll
0x00007ffc816a0000 - 0x00007ffc816c7000 	C:\Windows\System32\DriverStore\FileRepository\iigd_dch.inf_amd64_997a69017605b77c\igdinfo64.dll
0x00007ffca9c10000 - 0x00007ffca9c28000 	C:\Windows\SYSTEM32\CRYPTSP.dll
0x00007ffca93d0000 - 0x00007ffca9404000 	C:\Windows\system32\rsaenh.dll
0x00007ffca9c00000 - 0x00007ffca9c0c000 	C:\Windows\SYSTEM32\CRYPTBASE.dll
0x00007ffc97f50000 - 0x00007ffc9ac30000 	C:\Windows\System32\DriverStore\FileRepository\iigd_dch.inf_amd64_997a69017605b77c\igc64.dll
0x00007ffc9c8a0000 - 0x00007ffc9c8db000 	C:\Windows\SYSTEM32\dxcore.dll
0x00007ffc71ed0000 - 0x00007ffc71ee4000 	C:\Program Files\Java\jdk1.8.0_261\jre\bin\javafx_font.dll
0x00007ffc792f0000 - 0x00007ffc7956f000 	C:\Windows\SYSTEM32\dwrite.dll
0x00007ffcaa210000 - 0x00007ffcaa23e000 	C:\Windows\SYSTEM32\USERENV.dll
0x00007ffca9720000 - 0x00007ffca975b000 	C:\Windows\SYSTEM32\IPHLPAPI.DLL
0x00007ffcaac90000 - 0x00007ffcaac98000 	C:\Windows\System32\NSI.dll
0x00007ffc9c880000 - 0x00007ffc9c897000 	C:\Windows\SYSTEM32\dhcpcsvc6.DLL
0x00007ffc9da60000 - 0x00007ffc9da7d000 	C:\Windows\SYSTEM32\dhcpcsvc.DLL
0x00007ffca9760000 - 0x00007ffca982b000 	C:\Windows\SYSTEM32\DNSAPI.dll
0x00007ffc78e10000 - 0x00007ffc78e23000 	C:\Program Files\Java\jdk1.8.0_261\jre\bin\nio.dll
0x00007ffcaaef0000 - 0x00007ffcaaf99000 	C:\Windows\System32\clbcatq.dll
0x00007ffc9f8c0000 - 0x00007ffc9fa74000 	C:\Windows\SYSTEM32\WindowsCodecs.dll
0x00007ffc81a80000 - 0x00007ffc81abe000 	C:\Windows\system32\dataexchange.dll
0x00007ffca6a70000 - 0x00007ffca6c57000 	C:\Windows\system32\dcomp.dll
0x00007ffca6800000 - 0x00007ffca6a64000 	C:\Windows\system32\d3d11.dll
0x00007ffca8c60000 - 0x00007ffca8d53000 	C:\Windows\system32\dxgi.dll
0x00007ffc9fb50000 - 0x00007ffc9fd51000 	C:\Windows\system32\twinapi.appcore.dll
0x00007ffc71ad0000 - 0x00007ffc71b04000 	C:\Program Files\Common Files\Microsoft Shared\Ink\rtscom.dll
0x00007ffc8c330000 - 0x00007ffc8c42b000 	C:\Windows\SYSTEM32\textinputframework.dll
0x00007ffca6fe0000 - 0x00007ffca733e000 	C:\Windows\System32\CoreUIComponents.dll
0x00007ffca7340000 - 0x00007ffca7432000 	C:\Windows\System32\CoreMessaging.dll
0x00007ffca5c80000 - 0x00007ffca5dd4000 	C:\Windows\SYSTEM32\wintypes.dll
0x00007ffca9060000 - 0x00007ffca9093000 	C:\Windows\SYSTEM32\ntmarta.dll
0x00007ffca6240000 - 0x00007ffca6800000 	C:\Windows\SYSTEM32\d2d1.dll
0x00007ffc9c900000 - 0x00007ffc9cff6000 	C:\Windows\SYSTEM32\D3D10Warp.dll
0x00007ffc71eb0000 - 0x00007ffc71ec2000 	C:\Program Files\Java\jdk1.8.0_261\jre\bin\prism_common.dll

VM Arguments:
jvm_args: -javaagent:C:\Program Files\JetBrains\IntelliJ IDEA Community Edition 2020.3.2\lib\idea_rt.jar=53042:C:\Program Files\JetBrains\IntelliJ IDEA Community Edition 2020.3.2\bin -Dfile.encoding=UTF-8 
java_command: src.Main
java_class_path (initial): C:\Program Files\Java\jdk1.8.0_261\jre\lib\charsets.jar;C:\Program Files\Java\jdk1.8.0_261\jre\lib\deploy.jar;C:\Program Files\Java\jdk1.8.0_261\jre\lib\ext\access-bridge-64.jar;C:\Program Files\Java\jdk1.8.0_261\jre\lib\ext\cldrdata.jar;C:\Program Files\Java\jdk1.8.0_261\jre\lib\ext\dnsns.jar;C:\Program Files\Java\jdk1.8.0_261\jre\lib\ext\jaccess.jar;C:\Program Files\Java\jdk1.8.0_261\jre\lib\ext\jfxrt.jar;C:\Program Files\Java\jdk1.8.0_261\jre\lib\ext\localedata.jar;C:\Program Files\Java\jdk1.8.0_261\jre\lib\ext\nashorn.jar;C:\Program Files\Java\jdk1.8.0_261\jre\lib\ext\sunec.jar;C:\Program Files\Java\jdk1.8.0_261\jre\lib\ext\sunjce_provider.jar;C:\Program Files\Java\jdk1.8.0_261\jre\lib\ext\sunmscapi.jar;C:\Program Files\Java\jdk1.8.0_261\jre\lib\ext\sunpkcs11.jar;C:\Program Files\Java\jdk1.8.0_261\jre\lib\ext\zipfs.jar;C:\Program Files\Java\jdk1.8.0_261\jre\lib\javaws.jar;C:\Program Files\Java\jdk1.8.0_261\jre\lib\jce.jar;C:\Program Files\Java\jdk1.8.0_261\jre\lib\jfr.jar;C:\Program Files\Java\jdk1.8.0_261\jre\lib\jfxswt.jar;C:\Program Files\Java\jdk1.8.0_261\jre\lib\jsse.jar;C:\Program Files\Java\jdk1.8.0_261\jre\lib\management-agent.jar;C:\Program Files\Java\jdk1.8.0_261\jre\lib\plugin.jar;C:\Program Files\Java\jdk1.8.0_261\jre\lib\resources.jar;C:\Program Files\Java\jdk1.8.0_261\jre\lib\rt.jar;C:\Users\ADMIN\Documents\GitHub\SupermarketManagement\out\production\SupermarketManagement;C:\Users\ADMIN\Documents\GitHub\SupermarketManagement\res\lib\fontawesomefx-8.9.jar;C:\Users\ADMIN\Documents\GitHub\SupermarketManagement\res\lib\jfoenix-8.0.10.jar;C:\Program Files\JetBrains\IntelliJ IDEA Community Edition 2020.3.2\lib\idea_rt.jar
Launcher Type: SUN_STANDARD

Environment Variables:
JAVA_HOME=C:\Program Files\Java\jdk-14.0.2
PATH=C:\Program Files\Java\jdk-14.0.2\bin;C:\Python38\Scripts\;C:\Python38\;C:\Windows\system32;C:\Windows;C:\Windows\System32\Wbem;C:\Windows\System32\WindowsPowerShell\v1.0\;C:\Windows\System32\OpenSSH\;D:\nodejs\;C:\ProgramData\chocolatey\bin;C:\Program Files\Java\jdk-14.0.2;C:\Program Files\Git\cmd;C:\Program Files (x86)\dotnet\;C:\Program Files\dotnet\;C:\Users\ADMIN\AppData\Local\Programs\Python\Python39\Scripts\;C:\Users\ADMIN\AppData\Local\Programs\Python\Python39\;C:\Users\ADMIN\AppData\Local\Microsoft\WindowsApps;D:\Microsoft VS Code\bin;C:\Users\ADMIN\AppData\Roaming\npm;C:\Program Files\Java\jdk-14.0.2\bin;C:\AppServ\Apache24\bin;C:\AppServ\php7;C:\AppServ\MySQL\bin;C:\Users\ADMIN\AppData\Local\GitHubDesktop\bin
USERNAME=ADMIN
OS=Windows_NT
PROCESSOR_IDENTIFIER=Intel64 Family 6 Model 142 Stepping 11, GenuineIntel



---------------  S Y S T E M  ---------------

OS: Windows 10.0 , 64 bit Build 19041 (10.0.19041.804)

CPU:total 8 (initial active 8) (4 cores per cpu, 2 threads per core) family 6 model 142 stepping 11, cmov, cx8, fxsr, mmx, sse, sse2, sse3, ssse3, sse4.1, sse4.2, popcnt, avx, avx2, aes, clmul, erms, 3dnowpref, lzcnt, ht, tsc, tscinvbit, bmi1, bmi2, adx

Memory: 4k page, physical 8227100k(359716k free), swap 21401752k(2152k free)

vm_info: Java HotSpot(TM) 64-Bit Server VM (25.261-b12) for windows-amd64 JRE (1.8.0_261-b12), built on Jun 18 2020 06:56:32 by "" with unknown MS VC++:1916

time: Sun Apr  4 00:23:47 2021
timezone: SE Asia Standard Time
elapsed time: 10 seconds (0d 0h 0m 10s)

